<?xml version="1.0" encoding="UTF-8" ?>
<testsuite errors="0" failures="0" hostname="xpsjudu" name="org.netbeans.modules.compapp.catd.ConfiguredTest" tests="1" time="1.538" timestamp="2010-11-23T15:02:39">
  <properties>
[...]
</properties>
  <testcase classname="org.netbeans.modules.compapp.catd.ConfiguredTest" name="LookupEventsTest" time="1.519" />
  <system-out><![CDATA[GenerateATSOutput=${generate.ats.output}
NetBeansUserDir=/home/tpfac/GlassFishESBv22/.netbeans/glassfishesb
file.encoding=UTF-8
file.encoding.pkg=sun.io
file.separator=/
inDebug=${inDebug}
java.awt.graphicsenv=sun.awt.X11GraphicsEnvironment
java.awt.printerjob=sun.print.PSPrinterJob
java.class.path=/home/tpfac/GlassFishESBv22/netbeans/soa2/modules/org-netbeans-modules-compapp-manager-jbi.jar:/home/tpfac/GlassFishESBv22/netbeans/soa2/modules/org-netbeans-modules-compapp-projects-jbi.jar:/home/tpfac/GlassFishESBv22/netbeans/soa2/modules/ext/jbi/jbi-admin-common.jar:/home/tpfac/GlassFishESBv22/netbeans/soa2/modules/ext/jbi/catd.jar:/home/tpfac/GlassFishESBv22/netbeans/java2/modules/ext/junit-3.8.2.jar:/home/tpfac/GlassFishESBv22/netbeans/java2/modules/ext/jaxws21/api/saaj-api.jar:/home/tpfac/GlassFishESBv22/netbeans/java2/modules/ext/jaxws21/saaj-impl.jar:/home/tpfac/GlassFishESBv22/netbeans/java2/modules/ext/jaxws21/FastInfoset.jar:/home/tpfac/GlassFishESBv22/netbeans/ide11/modules/org-netbeans-modules-editor-lib.jar:/home/tpfac/GlassFishESBv22/netbeans/ide11/modules/org-netbeans-modules-editor.jar:/home/tpfac/GlassFishESBv22/netbeans/ide11/modules/org-netbeans-modules-editor-util.jar:/home/tpfac/GlassFishESBv22/netbeans/ide11/modules/org-netbeans-modules-editor-lib2.jar:/home/tpfac/GlassFishESBv22/netbeans/ide11/modules/org-netbeans-modules-editor-indent.jar:/home/tpfac/GlassFishESBv22/netbeans/ide11/modules/org-netbeans-modules-editor-plain.jar:/home/tpfac/GlassFishESBv22/netbeans/ide11/modules/org-netbeans-modules-editor-plain-lib.jar:/home/tpfac/GlassFishESBv22/netbeans/ide11/modules/org-netbeans-modules-editor-settings.jar:/home/tpfac/GlassFishESBv22/netbeans/ide11/modules/org-netbeans-modules-editor-settings-storage.jar:/home/tpfac/GlassFishESBv22/netbeans/ide11/modules/org-netbeans-modules-lexer.jar:/home/tpfac/GlassFishESBv22/netbeans/ide11/modules/org-netbeans-modules-xml-core.jar:/home/tpfac/GlassFishESBv22/netbeans/ide11/modules/org-netbeans-modules-xml-lexer.jar:/home/tpfac/GlassFishESBv22/netbeans/ide11/modules/org-netbeans-modules-xml-text.jar:/home/tpfac/GlassFishESBv22/netbeans/ide11/modules/org-netbeans-modules-xml-xdm.jar:/home/tpfac/GlassFishESBv22/netbeans/ide11/modules/org-netbeans-modules-xml-xam.jar:/home/tpfac/GlassFishESBv22/netbeans/ide11/modules/org-netbeans-modules-csl-api.jar:/home/tpfac/GlassFishESBv22/netbeans/ide11/modules/ext/jaxb/activation.jar:/home/tpfac/GlassFishESBv22/netbeans/platform10/lib/org-openide-modules.jar:/home/tpfac/GlassFishESBv22/netbeans/platform10/lib/org-openide-util.jar:/home/tpfac/GlassFishESBv22/netbeans/platform10/modules/org-openide-options.jar:/home/tpfac/GlassFishESBv22/netbeans/platform10/modules/org-openide-text.jar:/home/tpfac/GlassFishESBv22/netbeans/platform10/modules/org-openide-loaders.jar:/home/tpfac/GlassFishESBv22/netbeans/platform10/modules/org-openide-nodes.jar:/home/tpfac/GlassFishESBv22/netbeans/platform10/modules/org-netbeans-modules-editor-mimelookup.jar:/home/tpfac/GlassFishESBv22/netbeans/platform10/modules/org-netbeans-modules-editor-mimelookup-impl.jar:/home/tpfac/GlassFishESBv22/netbeans/platform10/core/org-openide-filesystems.jar:/home/tpfac/GlassFishESBv22/netbeans/java2/ant/lib/ant-launcher.jar:/home/tpfac/GlassFishESBv22/netbeans/java2/ant/lib/ant.jar:/home/tpfac/GlassFishESBv22/netbeans/java2/ant/patches/72080.jar
java.class.version=50.0
java.endorsed.dirs=/opt/sun-jdk-1.6.0.22/jre/lib/endorsed
java.ext.dirs=/opt/sun-jdk-1.6.0.22/jre/lib/ext:/usr/java/packages/lib/ext
java.home=/opt/sun-jdk-1.6.0.22/jre
java.io.tmpdir=/tmp
java.library.path=/opt/sun-jdk-1.6.0.22/jre/lib/amd64/server:/opt/sun-jdk-1.6.0.22/jre/lib/amd64:/opt/sun-jdk-1.6.0.22/jre/../lib/amd64:/usr/lib64/xulrunner-2.0:/usr/java/packages/lib/amd64:/usr/lib64:/lib64:/lib:/usr/lib
java.runtime.name=Java(TM) SE Runtime Environment
java.runtime.version=1.6.0_22-b04
java.specification.name=Java Platform API Specification
java.specification.vendor=Sun Microsystems Inc.
java.specification.version=1.6
java.vendor=Sun Microsystems Inc.
java.vendor.url=http://java.sun.com/
java.vendor.url.bug=http://java.sun.com/cgi-bin/bugreport.cgi
java.version=1.6.0_22
java.vm.info=mixed mode
java.vm.name=Java HotSpot(TM) 64-Bit Server VM
java.vm.specification.name=Java Virtual Machine Specification
java.vm.specification.vendor=Sun Microsystems Inc.
java.vm.specification.version=1.0
java.vm.vendor=Sun Microsystems Inc.
java.vm.version=17.1-b03
line.separator=

org.netbeans.modules.compapp.catd.context=
os.arch=amd64
os.name=Linux
os.version=2.6.37-rc2+
path.separator=:
sun.arch.data.model=64
sun.boot.class.path=/opt/sun-jdk-1.6.0.22/jre/lib/resources.jar:/opt/sun-jdk-1.6.0.22/jre/lib/rt.jar:/opt/sun-jdk-1.6.0.22/jre/lib/sunrsasign.jar:/opt/sun-jdk-1.6.0.22/jre/lib/jsse.jar:/opt/sun-jdk-1.6.0.22/jre/lib/jce.jar:/opt/sun-jdk-1.6.0.22/jre/lib/charsets.jar:/opt/sun-jdk-1.6.0.22/jre/classes
sun.boot.library.path=/opt/sun-jdk-1.6.0.22/jre/lib/amd64
sun.cpu.endian=little
sun.cpu.isalist=
sun.desktop=gnome
sun.io.unicode.encoding=UnicodeLittle
sun.java.launcher=SUN_STANDARD
sun.jnu.encoding=UTF-8
sun.management.compiler=HotSpot 64-Bit Server Compiler
sun.os.patch.level=unknown
user.country=FR
user.dir=/home/tpfac/SERVICES/TWECASA
user.home=/home/tpfac
user.language=fr
user.name=tpfac
user.timezone=Europe/Paris
Test LookupEventsTest\Concurrent.properties Passed. Threads count Success: <1> Error: <0> Not completed: <0>
]]></system-out>
  <system-err><![CDATA[23 nov. 2010 16:02:41 org.netbeans.modules.csl.core.LanguageRegistry readSfs
INFO: No CslPlugins folder
]]></system-err>
</testsuite>
